#
# There is insufficient memory for the Java Runtime Environment to continue.
# Native memory allocation (mmap) failed to map 264241152 bytes for G1 virtual space
# Possible reasons:
#   The system is out of physical RAM or swap space
#   The process is running with CompressedOops enabled, and the Java Heap may be blocking the growth of the native heap
# Possible solutions:
#   Reduce memory load on the system
#   Increase physical memory or swap space
#   Check if swap backing store is full
#   Decrease Java heap size (-Xmx/-Xms)
#   Decrease number of Java threads
#   Decrease Java thread stack sizes (-Xss)
#   Set larger code cache with -XX:ReservedCodeCacheSize=
#   JVM is running with Zero Based Compressed Oops mode in which the Java heap is
#     placed in the first 32GB address space. The Java Heap base address is the
#     maximum limit for the native heap growth. Please use -XX:HeapBaseMinAddress
#     to set the Java Heap base and to place the Java Heap above 32GB virtual address.
# This output file may be truncated or incomplete.
#
#  Out of Memory Error (os_windows.cpp:3769), pid=30060, tid=33452
#
# JRE version:  (17.0.6) (build )
# Java VM: OpenJDK 64-Bit Server VM (17.0.6+0-b2043.56-10027231, mixed mode, sharing, tiered, compressed oops, compressed class ptrs, g1 gc, windows-amd64)
# No core dump will be written. Minidumps are not enabled by default on client versions of Windows
#

---------------  S U M M A R Y ------------

Command Line: org.jetbrains.kotlin.cli.jvm.K2JVMCompiler @C:\Users\zynps\AndroidStudioProjects\Odev5\app\build\20240224_14140822270146884269.compiler.options

Host: 12th Gen Intel(R) Core(TM) i5-1240P, 16 cores, 15G,  Windows 11 , 64 bit Build 22621 (10.0.22621.2506)
Time: Sat Feb 24 22:20:27 2024 Türkiye Standart Saati elapsed time: 0.006366 seconds (0d 0h 0m 0s)

---------------  T H R E A D  ---------------

Current thread (0x000001daf367ba20):  JavaThread "Unknown thread" [_thread_in_vm, id=33452, stack(0x0000001b5dd00000,0x0000001b5de00000)]

Stack: [0x0000001b5dd00000,0x0000001b5de00000]
Native frames: (J=compiled Java code, j=interpreted, Vv=VM code, C=native code)
V  [jvm.dll+0x683c9a]
V  [jvm.dll+0x8427a4]
V  [jvm.dll+0x843f9e]
V  [jvm.dll+0x844603]
V  [jvm.dll+0x249b75]
V  [jvm.dll+0x680b69]
V  [jvm.dll+0x67505a]
V  [jvm.dll+0x309acb]
V  [jvm.dll+0x310f86]
V  [jvm.dll+0x3608ee]
V  [jvm.dll+0x360b1f]
V  [jvm.dll+0x2dfbf8]
V  [jvm.dll+0x2e0b64]
V  [jvm.dll+0x814091]
V  [jvm.dll+0x36e6a1]
V  [jvm.dll+0x7f35cc]
V  [jvm.dll+0x3f0e8f]
V  [jvm.dll+0x3f29d1]
C  [jli.dll+0x526b]
C  [ucrtbase.dll+0x29363]
C  [KERNEL32.DLL+0x1257d]
C  [ntdll.dll+0x5aa58]


---------------  P R O C E S S  ---------------

Threads class SMR info:
_java_thread_list=0x00007ffc3473c058, length=0, elements={
}

Java Threads: ( => current thread )

Other Threads:
  0x000001daf36e9d70 GCTaskThread "GC Thread#0" [stack: 0x0000001b5de00000,0x0000001b5df00000] [id=17768]
  0x000001daf36fb880 ConcurrentGCThread "G1 Main Marker" [stack: 0x0000001b5df00000,0x0000001b5e000000] [id=27624]
  0x000001daf36fca30 ConcurrentGCThread "G1 Conc#0" [stack: 0x0000001b5e000000,0x0000001b5e100000] [id=23324]

[error occurred during error reporting (printing all threads), id 0xc0000005, EXCEPTION_ACCESS_VIOLATION (0xc0000005) at pc=0x00007ffc33ef0797]

VM state: not at safepoint (not fully initialized)

VM Mutex/Monitor currently owned by a thread:  ([mutex/lock_event])
[0x000001daf3678b00] Heap_lock - owner thread: 0x000001daf367ba20

Heap address: 0x0000000704400000, size: 4028 MB, Compressed Oops mode: Zero based, Oop shift amount: 3

CDS archive(s) mapped at: [0x0000000000000000-0x0000000000000000-0x0000000000000000), size 0, SharedBaseAddress: 0x0000000800000000, ArchiveRelocationMode: 0.
Narrow klass base: 0x0000000000000000, Narrow klass shift: 0, Narrow klass range: 0x0

GC Precious Log:
<Empty>

Heap:
 garbage-first heap   total 0K, used 0K [0x0000000704400000, 0x0000000800000000)
  region size 2048K, 0 young (0K), 0 survivors (0K)

[error occurred during error reporting (printing heap information), id 0xc0000005, EXCEPTION_ACCESS_VIOLATION (0xc0000005) at pc=0x00007ffc342dda89]

GC Heap History (0 events):
No events

Dll operation events (1 events):
Event: 0.004 Loaded shared library D:\Android Studio\jbr\bin\java.dll

Deoptimization events (0 events):
No events

Classes unloaded (0 events):
No events

Classes redefined (0 events):
No events

Internal exceptions (0 events):
No events

VM Operations (0 events):
No events

Events (0 events):
No events


Dynamic libraries:
0x00007ff6e6380000 - 0x00007ff6e638a000 	D:\Android Studio\jbr\bin\java.exe
0x00007ffccd130000 - 0x00007ffccd347000 	C:\Windows\SYSTEM32\ntdll.dll
0x00007ffccbfc0000 - 0x00007ffccc084000 	C:\Windows\System32\KERNEL32.DLL
0x00007ffcca470000 - 0x00007ffcca816000 	C:\Windows\System32\KERNELBASE.dll
0x00007ffcca890000 - 0x00007ffcca9a1000 	C:\Windows\System32\ucrtbase.dll
0x00007ffcb55f0000 - 0x00007ffcb560b000 	D:\Android Studio\jbr\bin\VCRUNTIME140.dll
0x00007ffcb1020000 - 0x00007ffcb1037000 	D:\Android Studio\jbr\bin\jli.dll
0x00007ffccc690000 - 0x00007ffccc83e000 	C:\Windows\System32\USER32.dll
0x00007ffccac10000 - 0x00007ffccac36000 	C:\Windows\System32\win32u.dll
0x00007ffcb4110000 - 0x00007ffcb43a3000 	C:\Windows\WinSxS\amd64_microsoft.windows.common-controls_6595b64144ccf1df_6.0.22621.2506_none_270c5ae97388e100\COMCTL32.dll
0x00007ffccc160000 - 0x00007ffccc189000 	C:\Windows\System32\GDI32.dll
0x00007ffccd040000 - 0x00007ffccd0e7000 	C:\Windows\System32\msvcrt.dll
0x00007ffcca9b0000 - 0x00007ffccaac8000 	C:\Windows\System32\gdi32full.dll
0x00007ffccac40000 - 0x00007ffccacda000 	C:\Windows\System32\msvcp_win.dll
0x00007ffccae90000 - 0x00007ffccaec1000 	C:\Windows\System32\IMM32.DLL
0x00007ffcbfb00000 - 0x00007ffcbfb0c000 	D:\Android Studio\jbr\bin\vcruntime140_1.dll
0x00007ffc98440000 - 0x00007ffc984cd000 	D:\Android Studio\jbr\bin\msvcp140.dll
0x00007ffc33c00000 - 0x00007ffc3486e000 	D:\Android Studio\jbr\bin\server\jvm.dll
0x00007ffccc090000 - 0x00007ffccc143000 	C:\Windows\System32\ADVAPI32.dll
0x00007ffccbf10000 - 0x00007ffccbfb8000 	C:\Windows\System32\sechost.dll
0x00007ffccae50000 - 0x00007ffccae78000 	C:\Windows\System32\bcrypt.dll
0x00007ffccc3e0000 - 0x00007ffccc4f7000 	C:\Windows\System32\RPCRT4.dll
0x00007ffcb0960000 - 0x00007ffcb096a000 	C:\Windows\SYSTEM32\VERSION.dll
0x00007ffcbe830000 - 0x00007ffcbe839000 	C:\Windows\SYSTEM32\WSOCK32.dll
0x00007ffcc4e10000 - 0x00007ffcc4e44000 	C:\Windows\SYSTEM32\WINMM.dll
0x00007ffccc190000 - 0x00007ffccc201000 	C:\Windows\System32\WS2_32.dll
0x00007ffcc9590000 - 0x00007ffcc95a8000 	C:\Windows\SYSTEM32\kernel.appcore.dll
0x00007ffcc0340000 - 0x00007ffcc034a000 	D:\Android Studio\jbr\bin\jimage.dll
0x00007ffcc7da0000 - 0x00007ffcc7fd3000 	C:\Windows\SYSTEM32\DBGHELP.DLL
0x00007ffccb020000 - 0x00007ffccb3a9000 	C:\Windows\System32\combase.dll
0x00007ffcccf60000 - 0x00007ffccd037000 	C:\Windows\System32\OLEAUT32.dll
0x00007ffcb1bc0000 - 0x00007ffcb1bf2000 	C:\Windows\SYSTEM32\dbgcore.DLL
0x00007ffccab90000 - 0x00007ffccac0a000 	C:\Windows\System32\bcryptPrimitives.dll
0x00007ffcb4ea0000 - 0x00007ffcb4ec5000 	D:\Android Studio\jbr\bin\java.dll

dbghelp: loaded successfully - version: 4.0.5 - missing functions: none
symbol engine: initialized successfully - sym options: 0x614 - pdb path: .;D:\Android Studio\jbr\bin;C:\Windows\SYSTEM32;C:\Windows\WinSxS\amd64_microsoft.windows.common-controls_6595b64144ccf1df_6.0.22621.2506_none_270c5ae97388e100;D:\Android Studio\jbr\bin\server

VM Arguments:
java_command: org.jetbrains.kotlin.cli.jvm.K2JVMCompiler @C:\Users\zynps\AndroidStudioProjects\Odev5\app\build\20240224_14140822270146884269.compiler.options
java_class_path (initial): C:\Users\zynps\.gradle\caches\modules-2\files-2.1\org.jetbrains.kotlin\kotlin-compiler-embeddable\1.9.0\2c8c3a7402becca891f12739b3e9fd2dc2adbd7a\kotlin-compiler-embeddable-1.9.0.jar;C:\Users\zynps\.gradle\caches\modules-2\files-2.1\org.jetbrains.kotlin\kotlin-stdlib\1.9.0\8ee15ef0c67dc83d874f412d84378d7f0eb50b63\kotlin-stdlib-1.9.0.jar;C:\Users\zynps\.gradle\caches\modules-2\files-2.1\org.jetbrains.kotlin\kotlin-script-runtime\1.9.0\4b3102cbbb7e1b58d9d1adf89563f00069ffa7d1\kotlin-script-runtime-1.9.0.jar;C:\Users\zynps\.gradle\caches\modules-2\files-2.1\org.jetbrains.kotlin\kotlin-reflect\1.6.10\1cbe9c92c12a94eea200d23c2bbaedaf3daf5132\kotlin-reflect-1.6.10.jar;C:\Users\zynps\.gradle\caches\modules-2\files-2.1\org.jetbrains.kotlin\kotlin-daemon-embeddable\1.9.0\186543f5e28cf8d9a0290fecc2cf34301c40a65c\kotlin-daemon-embeddable-1.9.0.jar;C:\Users\zynps\.gradle\caches\modules-2\files-2.1\org.jetbrains.intellij.deps\trove4j\1.0.20200330\3afb14d5f9ceb459d724e907a21145e8ff394f02\trove4j-1.0.20200330.jar;C:\Users\zynps\.gradle\caches\modules-2\files-2.1\org.jetbrains.kotlin\kotlin-stdlib-common\1.9.0\cd65c21cfd1eec4d44ef09f9f52b6d9f8a720636\kotlin-stdlib-common-1.9.0.jar;C:\Users\zynps\.gradle\caches\modules-2\files-2.1\org.jetbrains\annotations\13.0\919f0dfe192fb4e063e7dacadee7f8bb9a2672a9\annotations-13.0.jar
Launcher Type: SUN_STANDARD

[Global flags]
     intx CICompilerCount                          = 12                                        {product} {ergonomic}
     uint ConcGCThreads                            = 3                                         {product} {ergonomic}
     uint G1ConcRefinementThreads                  = 13                                        {product} {ergonomic}
   size_t G1HeapRegionSize                         = 2097152                                   {product} {ergonomic}
    uintx GCDrainStackTargetSize                   = 64                                        {product} {ergonomic}
   size_t InitialHeapSize                          = 264241152                                 {product} {ergonomic}
   size_t MarkStackSize                            = 4194304                                   {product} {ergonomic}
   size_t MaxHeapSize                              = 4223664128                                {product} {ergonomic}
   size_t MinHeapDeltaBytes                        = 2097152                                   {product} {ergonomic}
   size_t MinHeapSize                              = 8388608                                   {product} {ergonomic}
    uintx NonNMethodCodeHeapSize                   = 7602480                                {pd product} {ergonomic}
    uintx NonProfiledCodeHeapSize                  = 122027880                              {pd product} {ergonomic}
    uintx ProfiledCodeHeapSize                     = 122027880                              {pd product} {ergonomic}
    uintx ReservedCodeCacheSize                    = 251658240                              {pd product} {ergonomic}
     bool SegmentedCodeCache                       = true                                      {product} {ergonomic}
   size_t SoftMaxHeapSize                          = 4223664128                             {manageable} {ergonomic}
     bool UseCompressedClassPointers               = true                           {product lp64_product} {ergonomic}
     bool UseCompressedOops                        = true                           {product lp64_product} {ergonomic}
     bool UseG1GC                                  = true                                      {product} {ergonomic}
     bool UseLargePagesIndividualAllocation        = false                                  {pd product} {ergonomic}

Logging:
Log output configuration:
 #0: stdout all=warning uptime,level,tags
 #1: stderr all=off uptime,level,tags

Environment Variables:
PATH=C:\Windows\System32\HWAudioDriverLibs;C:\Windows\system32;C:\Windows;C:\Windows\System32\Wbem;C:\Windows\System32\WindowsPowerShell\v1.0\;C:\Windows\System32\OpenSSH\;C:\Users\Administrator\AppData\Local\Microsoft\WindowsApps;C:\Program Files\Git\cmd;C:\flutter\bin;C:\Users\zynps\AppData\Local\Microsoft\WindowsApps;C:\Windows\System32\WindowsPowerShell\v1.0;C:\Program Files\Git\bin\git.exe;C:\Windows\System32;C:\Program Files\Git\cmd;
USERNAME=zynps
OS=Windows_NT
PROCESSOR_IDENTIFIER=Intel64 Family 6 Model 154 Stepping 3, GenuineIntel
TMP=C:\Users\zynps\AppData\Local\Temp
TEMP=C:\Users\zynps\AppData\Local\Temp


JNI global refs:

[error occurred during error reporting (JNI global references), id 0xc0000005, EXCEPTION_ACCESS_VIOLATION (0xc0000005) at pc=0x00007ffc33cb7a10]


---------------  S Y S T E M  ---------------

OS:
 Windows 11 , 64 bit Build 22621 (10.0.22621.2506)
OS uptime: 29 days 7:11 hours

CPU: total 16 (initial active 16) (8 cores per cpu, 2 threads per core) family 6 model 154 stepping 3 microcode 0x41e, cx8, cmov, fxsr, ht, mmx, 3dnowpref, sse, sse2, sse3, ssse3, sse4.1, sse4.2, popcnt, lzcnt, tsc, tscinvbit, avx, avx2, aes, erms, clmul, bmi1, bmi2, adx, sha, fma, vzeroupper, clflush, clflushopt, clwb

Memory: 4k page, system-wide physical 16108M (361M free)
TotalPageFile size 22462M (AvailPageFile size 226M)
current process WorkingSet (physical memory assigned to process): 11M, peak: 11M
current process commit charge ("private bytes"): 70M, peak: 322M

vm_info: OpenJDK 64-Bit Server VM (17.0.6+0-b2043.56-10027231) for windows-amd64 JRE (17.0.6+0-b2043.56-10027231), built on Apr 28 2023 00:43:19 by "androidbuild" with MS VC++ 16.10 / 16.11 (VS2019)

END.
